2014/12/21 20:01:17 [error] [exception.CHttpException.404] exception 'CHttpException' with message 'The system is unable to find the requested action "wp-login.php".' in /home/northeast14/public_html/yii/framework/web/CController.php:483
Stack trace:
#0 /home/northeast14/public_html/yii/framework/web/CController.php(270): CController->missingAction('wp-login.php')
#1 /home/northeast14/public_html/yii/framework/web/CWebApplication.php(282): CController->run('wp-login.php')
#2 /home/northeast14/public_html/yii/framework/web/CWebApplication.php(141): CWebApplication->runController('OldSite/wp-logi...')
#3 /home/northeast14/public_html/yii/framework/base/CApplication.php(180): CWebApplication->processRequest()
#4 /home/northeast14/public_html/index.php(13): CApplication->run()
#5 {main}
REQUEST_URI=/wp-login.php
---
2014/12/21 20:01:18 [error] [exception.CHttpException.404] exception 'CHttpException' with message 'Unable to resolve the request "administrator/index.php".' in /home/northeast14/public_html/yii/framework/web/CWebApplication.php:286
Stack trace:
#0 /home/northeast14/public_html/yii/framework/web/CWebApplication.php(141): CWebApplication->runController('administrator/i...')
#1 /home/northeast14/public_html/yii/framework/base/CApplication.php(180): CWebApplication->processRequest()
#2 /home/northeast14/public_html/index.php(13): CApplication->run()
#3 {main}
REQUEST_URI=/administrator/index.php
---
2014/12/21 20:01:18 [error] [exception.CHttpException.404] exception 'CHttpException' with message 'The system is unable to find the requested action "admin.php".' in /home/northeast14/public_html/yii/framework/web/CController.php:483
Stack trace:
#0 /home/northeast14/public_html/yii/framework/web/CController.php(270): CController->missingAction('admin.php')
#1 /home/northeast14/public_html/yii/framework/web/CWebApplication.php(282): CController->run('admin.php')
#2 /home/northeast14/public_html/yii/framework/web/CWebApplication.php(141): CWebApplication->runController('OldSite/admin.p...')
#3 /home/northeast14/public_html/yii/framework/base/CApplication.php(180): CWebApplication->processRequest()
#4 /home/northeast14/public_html/index.php(13): CApplication->run()
#5 {main}
REQUEST_URI=/admin.php
---
2014/12/21 20:01:19 [error] [exception.CHttpException.404] exception 'CHttpException' with message 'Unable to resolve the request "bitrix/admin/index.php".' in /home/northeast14/public_html/yii/framework/web/CWebApplication.php:286
Stack trace:
#0 /home/northeast14/public_html/yii/framework/web/CWebApplication.php(141): CWebApplication->runController('bitrix/admin/in...')
#1 /home/northeast14/public_html/yii/framework/base/CApplication.php(180): CWebApplication->processRequest()
#2 /home/northeast14/public_html/index.php(13): CApplication->run()
#3 {main}
REQUEST_URI=/bitrix/admin/index.php?lang=en
---
2014/12/21 20:01:20 [error] [exception.CHttpException.404] exception 'CHttpException' with message 'Unable to resolve the request "admin/login.php".' in /home/northeast14/public_html/yii/framework/web/CWebApplication.php:286
Stack trace:
#0 /home/northeast14/public_html/yii/framework/web/CWebApplication.php(141): CWebApplication->runController('admin/login.php')
#1 /home/northeast14/public_html/yii/framework/base/CApplication.php(180): CWebApplication->processRequest()
#2 /home/northeast14/public_html/index.php(13): CApplication->run()
#3 {main}
REQUEST_URI=/admin/login.php
---
2014/12/21 20:01:20 [error] [exception.CHttpException.404] exception 'CHttpException' with message 'The system is unable to find the requested action "admin".' in /home/northeast14/public_html/yii/framework/web/CController.php:483
Stack trace:
#0 /home/northeast14/public_html/yii/framework/web/CController.php(270): CController->missingAction('admin')
#1 /home/northeast14/public_html/yii/framework/web/CWebApplication.php(282): CController->run('admin')
#2 /home/northeast14/public_html/yii/framework/web/CWebApplication.php(141): CWebApplication->runController('OldSite/admin')
#3 /home/northeast14/public_html/yii/framework/base/CApplication.php(180): CWebApplication->processRequest()
#4 /home/northeast14/public_html/index.php(13): CApplication->run()
#5 {main}
REQUEST_URI=/admin/
---
2014/12/21 20:01:21 [error] [exception.CHttpException.404] exception 'CHttpException' with message 'The system is unable to find the requested action "user".' in /home/northeast14/public_html/yii/framework/web/CController.php:483
Stack trace:
#0 /home/northeast14/public_html/yii/framework/web/CController.php(270): CController->missingAction('user')
#1 /home/northeast14/public_html/yii/framework/web/CWebApplication.php(282): CController->run('user')
#2 /home/northeast14/public_html/yii/framework/web/CWebApplication.php(141): CWebApplication->runController('OldSite/user')
#3 /home/northeast14/public_html/yii/framework/base/CApplication.php(180): CWebApplication->processRequest()
#4 /home/northeast14/public_html/index.php(13): CApplication->run()
#5 {main}
REQUEST_URI=/user/
---
2014/12/21 21:24:02 [error] [exception.CHttpException.404] exception 'CHttpException' with message 'The system is unable to find the requested action "robots.txt".' in /home/northeast14/public_html/yii/framework/web/CController.php:483
Stack trace:
#0 /home/northeast14/public_html/yii/framework/web/CController.php(270): CController->missingAction('robots.txt')
#1 /home/northeast14/public_html/yii/framework/web/CWebApplication.php(282): CController->run('robots.txt')
#2 /home/northeast14/public_html/yii/framework/web/CWebApplication.php(141): CWebApplication->runController('OldSite/robots....')
#3 /home/northeast14/public_html/yii/framework/base/CApplication.php(180): CWebApplication->processRequest()
#4 /home/northeast14/public_html/index.php(13): CApplication->run()
#5 {main}
REQUEST_URI=/robots.txt
---
2014/12/21 22:07:31 [error] [exception.CHttpException.404] exception 'CHttpException' with message 'The system is unable to find the requested action "robots.txt".' in /home/northeast14/public_html/yii/framework/web/CController.php:483
Stack trace:
#0 /home/northeast14/public_html/yii/framework/web/CController.php(270): CController->missingAction('robots.txt')
#1 /home/northeast14/public_html/yii/framework/web/CWebApplication.php(282): CController->run('robots.txt')
#2 /home/northeast14/public_html/yii/framework/web/CWebApplication.php(141): CWebApplication->runController('OldSite/robots....')
#3 /home/northeast14/public_html/yii/framework/base/CApplication.php(180): CWebApplication->processRequest()
#4 /home/northeast14/public_html/index.php(13): CApplication->run()
#5 {main}
REQUEST_URI=/robots.txt
---
2014/12/21 23:58:19 [error] [exception.CHttpException.404] exception 'CHttpException' with message 'The system is unable to find the requested action "robots.txt".' in /home/northeast14/public_html/yii/framework/web/CController.php:483
Stack trace:
#0 /home/northeast14/public_html/yii/framework/web/CController.php(270): CController->missingAction('robots.txt')
#1 /home/northeast14/public_html/yii/framework/web/CWebApplication.php(282): CController->run('robots.txt')
#2 /home/northeast14/public_html/yii/framework/web/CWebApplication.php(141): CWebApplication->runController('OldSite/robots....')
#3 /home/northeast14/public_html/yii/framework/base/CApplication.php(180): CWebApplication->processRequest()
#4 /home/northeast14/public_html/index.php(13): CApplication->run()
#5 {main}
REQUEST_URI=/robots.txt
---
2014/12/22 00:48:53 [error] [exception.CHttpException.404] exception 'CHttpException' with message 'Unable to resolve the request "assets/bf4917a6/old_site_integration/images/banner3.jpg".' in /home/northeast14/public_html/yii/framework/web/CWebApplication.php:286
Stack trace:
#0 /home/northeast14/public_html/yii/framework/web/CWebApplication.php(141): CWebApplication->runController('assets/bf4917a6...')
#1 /home/northeast14/public_html/yii/framework/base/CApplication.php(180): CWebApplication->processRequest()
#2 /home/northeast14/public_html/index.php(13): CApplication->run()
#3 {main}
REQUEST_URI=/assets/bf4917a6/old_site_integration/images/banner3.jpg
HTTP_REFERER=http://image.baidu.com/i?ct=503316480&z=0&tn=baiduimagedetail
---
2014/12/22 00:51:00 [error] [exception.CHttpException.404] exception 'CHttpException' with message 'The system is unable to find the requested action "robots.txt".' in /home/northeast14/public_html/yii/framework/web/CController.php:483
Stack trace:
#0 /home/northeast14/public_html/yii/framework/web/CController.php(270): CController->missingAction('robots.txt')
#1 /home/northeast14/public_html/yii/framework/web/CWebApplication.php(282): CController->run('robots.txt')
#2 /home/northeast14/public_html/yii/framework/web/CWebApplication.php(141): CWebApplication->runController('OldSite/robots....')
#3 /home/northeast14/public_html/yii/framework/base/CApplication.php(180): CWebApplication->processRequest()
#4 /home/northeast14/public_html/index.php(13): CApplication->run()
#5 {main}
REQUEST_URI=/robots.txt
---
2014/12/22 01:30:04 [error] [exception.CHttpException.404] exception 'CHttpException' with message 'The system is unable to find the requested action "aerovista.html".' in /home/northeast14/public_html/yii/framework/web/CController.php:483
Stack trace:
#0 /home/northeast14/public_html/yii/framework/web/CController.php(270): CController->missingAction('aerovista.html')
#1 /home/northeast14/public_html/yii/framework/web/CWebApplication.php(282): CController->run('aerovista.html')
#2 /home/northeast14/public_html/yii/framework/web/CWebApplication.php(141): CWebApplication->runController('OldSite/aerovis...')
#3 /home/northeast14/public_html/yii/framework/base/CApplication.php(180): CWebApplication->processRequest()
#4 /home/northeast14/public_html/index.php(13): CApplication->run()
#5 {main}
REQUEST_URI=/aerovista.html
---
2014/12/22 01:30:07 [error] [exception.CHttpException.404] exception 'CHttpException' with message 'The system is unable to find the requested action "style.css".' in /home/northeast14/public_html/yii/framework/web/CController.php:483
Stack trace:
#0 /home/northeast14/public_html/yii/framework/web/CController.php(270): CController->missingAction('style.css')
#1 /home/northeast14/public_html/yii/framework/web/CWebApplication.php(282): CController->run('style.css')
#2 /home/northeast14/public_html/yii/framework/web/CWebApplication.php(141): CWebApplication->runController('OldSite/style.c...')
#3 /home/northeast14/public_html/yii/framework/base/CApplication.php(180): CWebApplication->processRequest()
#4 /home/northeast14/public_html/index.php(13): CApplication->run()
#5 {main}
REQUEST_URI=/style.css
HTTP_REFERER=http://www.northeastproperties.in/aerovista.html
---
2014/12/22 02:39:21 [error] [exception.CHttpException.404] exception 'CHttpException' with message 'The system is unable to find the requested action "robots.txt".' in /home/northeast14/public_html/yii/framework/web/CController.php:483
Stack trace:
#0 /home/northeast14/public_html/yii/framework/web/CController.php(270): CController->missingAction('robots.txt')
#1 /home/northeast14/public_html/yii/framework/web/CWebApplication.php(282): CController->run('robots.txt')
#2 /home/northeast14/public_html/yii/framework/web/CWebApplication.php(141): CWebApplication->runController('OldSite/robots....')
#3 /home/northeast14/public_html/yii/framework/base/CApplication.php(180): CWebApplication->processRequest()
#4 /home/northeast14/public_html/index.php(13): CApplication->run()
#5 {main}
REQUEST_URI=/robots.txt
---
2014/12/22 02:55:09 [error] [exception.CHttpException.404] exception 'CHttpException' with message 'The system is unable to find the requested action "ico1.ico".' in /home/northeast14/public_html/yii/framework/web/CController.php:483
Stack trace:
#0 /home/northeast14/public_html/yii/framework/web/CController.php(270): CController->missingAction('ico1.ico')
#1 /home/northeast14/public_html/yii/framework/web/CWebApplication.php(282): CController->run('ico1.ico')
#2 /home/northeast14/public_html/yii/framework/web/CWebApplication.php(141): CWebApplication->runController('OldSite/ico1.ic...')
#3 /home/northeast14/public_html/yii/framework/base/CApplication.php(180): CWebApplication->processRequest()
#4 /home/northeast14/public_html/index.php(13): CApplication->run()
#5 {main}
REQUEST_URI=/ico1.ico
---
2014/12/22 02:59:51 [error] [exception.CHttpException.404] exception 'CHttpException' with message 'The system is unable to find the requested action "ico1.ico".' in /home/northeast14/public_html/yii/framework/web/CController.php:483
Stack trace:
#0 /home/northeast14/public_html/yii/framework/web/CController.php(270): CController->missingAction('ico1.ico')
#1 /home/northeast14/public_html/yii/framework/web/CWebApplication.php(282): CController->run('ico1.ico')
#2 /home/northeast14/public_html/yii/framework/web/CWebApplication.php(141): CWebApplication->runController('OldSite/ico1.ic...')
#3 /home/northeast14/public_html/yii/framework/base/CApplication.php(180): CWebApplication->processRequest()
#4 /home/northeast14/public_html/index.php(13): CApplication->run()
#5 {main}
REQUEST_URI=/ico1.ico
---
2014/12/22 03:30:55 [error] [exception.CHttpException.404] exception 'CHttpException' with message 'The system is unable to find the requested action "favicon.ico".' in /home/northeast14/public_html/yii/framework/web/CController.php:483
Stack trace:
#0 /home/northeast14/public_html/yii/framework/web/CController.php(270): CController->missingAction('favicon.ico')
#1 /home/northeast14/public_html/yii/framework/web/CWebApplication.php(282): CController->run('favicon.ico')
#2 /home/northeast14/public_html/yii/framework/web/CWebApplication.php(141): CWebApplication->runController('OldSite/favicon...')
#3 /home/northeast14/public_html/yii/framework/base/CApplication.php(180): CWebApplication->processRequest()
#4 /home/northeast14/public_html/index.php(13): CApplication->run()
#5 {main}
REQUEST_URI=/favicon.ico
---
2014/12/22 04:07:29 [error] [exception.CHttpException.404] exception 'CHttpException' with message 'The system is unable to find the requested action "favicon.ico".' in /home/northeast14/public_html/yii/framework/web/CController.php:483
Stack trace:
#0 /home/northeast14/public_html/yii/framework/web/CController.php(270): CController->missingAction('favicon.ico')
#1 /home/northeast14/public_html/yii/framework/web/CWebApplication.php(282): CController->run('favicon.ico')
#2 /home/northeast14/public_html/yii/framework/web/CWebApplication.php(141): CWebApplication->runController('OldSite/favicon...')
#3 /home/northeast14/public_html/yii/framework/base/CApplication.php(180): CWebApplication->processRequest()
#4 /home/northeast14/public_html/index.php(13): CApplication->run()
#5 {main}
REQUEST_URI=/favicon.ico
---
2014/12/22 04:50:28 [error] [exception.CHttpException.404] exception 'CHttpException' with message 'The system is unable to find the requested action "ico1.ico".' in /home/northeast14/public_html/yii/framework/web/CController.php:483
Stack trace:
#0 /home/northeast14/public_html/yii/framework/web/CController.php(270): CController->missingAction('ico1.ico')
#1 /home/northeast14/public_html/yii/framework/web/CWebApplication.php(282): CController->run('ico1.ico')
#2 /home/northeast14/public_html/yii/framework/web/CWebApplication.php(141): CWebApplication->runController('OldSite/ico1.ic...')
#3 /home/northeast14/public_html/yii/framework/base/CApplication.php(180): CWebApplication->processRequest()
#4 /home/northeast14/public_html/index.php(13): CApplication->run()
#5 {main}
REQUEST_URI=/ico1.ico
---
2014/12/22 05:00:16 [error] [exception.CHttpException.404] exception 'CHttpException' with message 'The system is unable to find the requested action "favicon.ico".' in /home/northeast14/public_html/yii/framework/web/CController.php:483
Stack trace:
#0 /home/northeast14/public_html/yii/framework/web/CController.php(270): CController->missingAction('favicon.ico')
#1 /home/northeast14/public_html/yii/framework/web/CWebApplication.php(282): CController->run('favicon.ico')
#2 /home/northeast14/public_html/yii/framework/web/CWebApplication.php(141): CWebApplication->runController('OldSite/favicon...')
#3 /home/northeast14/public_html/yii/framework/base/CApplication.php(180): CWebApplication->processRequest()
#4 /home/northeast14/public_html/index.php(13): CApplication->run()
#5 {main}
REQUEST_URI=/favicon.ico
---
2014/12/22 05:05:21 [error] [exception.CHttpException.404] exception 'CHttpException' with message 'The system is unable to find the requested action "robots.txt".' in /home/northeast14/public_html/yii/framework/web/CController.php:483
Stack trace:
#0 /home/northeast14/public_html/yii/framework/web/CController.php(270): CController->missingAction('robots.txt')
#1 /home/northeast14/public_html/yii/framework/web/CWebApplication.php(282): CController->run('robots.txt')
#2 /home/northeast14/public_html/yii/framework/web/CWebApplication.php(141): CWebApplication->runController('OldSite/robots....')
#3 /home/northeast14/public_html/yii/framework/base/CApplication.php(180): CWebApplication->processRequest()
#4 /home/northeast14/public_html/index.php(13): CApplication->run()
#5 {main}
REQUEST_URI=/robots.txt
---
2014/12/22 05:10:59 [error] [exception.CHttpException.404] exception 'CHttpException' with message 'The system is unable to find the requested action "ico1.ico".' in /home/northeast14/public_html/yii/framework/web/CController.php:483
Stack trace:
#0 /home/northeast14/public_html/yii/framework/web/CController.php(270): CController->missingAction('ico1.ico')
#1 /home/northeast14/public_html/yii/framework/web/CWebApplication.php(282): CController->run('ico1.ico')
#2 /home/northeast14/public_html/yii/framework/web/CWebApplication.php(141): CWebApplication->runController('OldSite/ico1.ic...')
#3 /home/northeast14/public_html/yii/framework/base/CApplication.php(180): CWebApplication->processRequest()
#4 /home/northeast14/public_html/index.php(13): CApplication->run()
#5 {main}
REQUEST_URI=/ico1.ico
---
2014/12/22 05:12:58 [error] [exception.CHttpException.404] exception 'CHttpException' with message 'The system is unable to find the requested action "favicon.ico".' in /home/northeast14/public_html/yii/framework/web/CController.php:483
Stack trace:
#0 /home/northeast14/public_html/yii/framework/web/CController.php(270): CController->missingAction('favicon.ico')
#1 /home/northeast14/public_html/yii/framework/web/CWebApplication.php(282): CController->run('favicon.ico')
#2 /home/northeast14/public_html/yii/framework/web/CWebApplication.php(141): CWebApplication->runController('OldSite/favicon...')
#3 /home/northeast14/public_html/yii/framework/base/CApplication.php(180): CWebApplication->processRequest()
#4 /home/northeast14/public_html/index.php(13): CApplication->run()
#5 {main}
REQUEST_URI=/favicon.ico
---
2014/12/22 05:12:58 [error] [exception.CHttpException.404] exception 'CHttpException' with message 'The system is unable to find the requested action "favicon.ico".' in /home/northeast14/public_html/yii/framework/web/CController.php:483
Stack trace:
#0 /home/northeast14/public_html/yii/framework/web/CController.php(270): CController->missingAction('favicon.ico')
#1 /home/northeast14/public_html/yii/framework/web/CWebApplication.php(282): CController->run('favicon.ico')
#2 /home/northeast14/public_html/yii/framework/web/CWebApplication.php(141): CWebApplication->runController('OldSite/favicon...')
#3 /home/northeast14/public_html/yii/framework/base/CApplication.php(180): CWebApplication->processRequest()
#4 /home/northeast14/public_html/index.php(13): CApplication->run()
#5 {main}
REQUEST_URI=/favicon.ico
---
2014/12/22 05:30:03 [error] [exception.CHttpException.404] exception 'CHttpException' with message 'The system is unable to find the requested action "favicon.ico".' in /home/northeast14/public_html/yii/framework/web/CController.php:483
Stack trace:
#0 /home/northeast14/public_html/yii/framework/web/CController.php(270): CController->missingAction('favicon.ico')
#1 /home/northeast14/public_html/yii/framework/web/CWebApplication.php(282): CController->run('favicon.ico')
#2 /home/northeast14/public_html/yii/framework/web/CWebApplication.php(141): CWebApplication->runController('OldSite/favicon...')
#3 /home/northeast14/public_html/yii/framework/base/CApplication.php(180): CWebApplication->processRequest()
#4 /home/northeast14/public_html/index.php(13): CApplication->run()
#5 {main}
REQUEST_URI=/favicon.ico
---
2014/12/22 05:33:28 [error] [exception.CHttpException.404] exception 'CHttpException' with message 'The system is unable to find the requested action "ico1.ico".' in /home/northeast14/public_html/yii/framework/web/CController.php:483
Stack trace:
#0 /home/northeast14/public_html/yii/framework/web/CController.php(270): CController->missingAction('ico1.ico')
#1 /home/northeast14/public_html/yii/framework/web/CWebApplication.php(282): CController->run('ico1.ico')
#2 /home/northeast14/public_html/yii/framework/web/CWebApplication.php(141): CWebApplication->runController('OldSite/ico1.ic...')
#3 /home/northeast14/public_html/yii/framework/base/CApplication.php(180): CWebApplication->processRequest()
#4 /home/northeast14/public_html/index.php(13): CApplication->run()
#5 {main}
REQUEST_URI=/ico1.ico
---
2014/12/22 05:56:30 [error] [exception.CHttpException.404] exception 'CHttpException' with message 'The system is unable to find the requested action "favicon.ico".' in /home/northeast14/public_html/yii/framework/web/CController.php:483
Stack trace:
#0 /home/northeast14/public_html/yii/framework/web/CController.php(270): CController->missingAction('favicon.ico')
#1 /home/northeast14/public_html/yii/framework/web/CWebApplication.php(282): CController->run('favicon.ico')
#2 /home/northeast14/public_html/yii/framework/web/CWebApplication.php(141): CWebApplication->runController('OldSite/favicon...')
#3 /home/northeast14/public_html/yii/framework/base/CApplication.php(180): CWebApplication->processRequest()
#4 /home/northeast14/public_html/index.php(13): CApplication->run()
#5 {main}
REQUEST_URI=/favicon.ico
---
2014/12/22 05:57:42 [error] [exception.CHttpException.404] exception 'CHttpException' with message 'The system is unable to find the requested action "favicon.ico".' in /home/northeast14/public_html/yii/framework/web/CController.php:483
Stack trace:
#0 /home/northeast14/public_html/yii/framework/web/CController.php(270): CController->missingAction('favicon.ico')
#1 /home/northeast14/public_html/yii/framework/web/CWebApplication.php(282): CController->run('favicon.ico')
#2 /home/northeast14/public_html/yii/framework/web/CWebApplication.php(141): CWebApplication->runController('OldSite/favicon...')
#3 /home/northeast14/public_html/yii/framework/base/CApplication.php(180): CWebApplication->processRequest()
#4 /home/northeast14/public_html/index.php(13): CApplication->run()
#5 {main}
REQUEST_URI=/favicon.ico
---
2014/12/22 05:57:43 [error] [exception.CHttpException.404] exception 'CHttpException' with message 'The system is unable to find the requested action "favicon.ico".' in /home/northeast14/public_html/yii/framework/web/CController.php:483
Stack trace:
#0 /home/northeast14/public_html/yii/framework/web/CController.php(270): CController->missingAction('favicon.ico')
#1 /home/northeast14/public_html/yii/framework/web/CWebApplication.php(282): CController->run('favicon.ico')
#2 /home/northeast14/public_html/yii/framework/web/CWebApplication.php(141): CWebApplication->runController('OldSite/favicon...')
#3 /home/northeast14/public_html/yii/framework/base/CApplication.php(180): CWebApplication->processRequest()
#4 /home/northeast14/public_html/index.php(13): CApplication->run()
#5 {main}
REQUEST_URI=/favicon.ico
---
2014/12/22 06:02:14 [error] [exception.CHttpException.404] exception 'CHttpException' with message 'The system is unable to find the requested action "ico1.ico".' in /home/northeast14/public_html/yii/framework/web/CController.php:483
Stack trace:
#0 /home/northeast14/public_html/yii/framework/web/CController.php(270): CController->missingAction('ico1.ico')
#1 /home/northeast14/public_html/yii/framework/web/CWebApplication.php(282): CController->run('ico1.ico')
#2 /home/northeast14/public_html/yii/framework/web/CWebApplication.php(141): CWebApplication->runController('OldSite/ico1.ic...')
#3 /home/northeast14/public_html/yii/framework/base/CApplication.php(180): CWebApplication->processRequest()
#4 /home/northeast14/public_html/index.php(13): CApplication->run()
#5 {main}
REQUEST_URI=/ico1.ico
---
2014/12/22 06:02:14 [error] [exception.CHttpException.404] exception 'CHttpException' with message 'The system is unable to find the requested action "ico1.ico".' in /home/northeast14/public_html/yii/framework/web/CController.php:483
Stack trace:
#0 /home/northeast14/public_html/yii/framework/web/CController.php(270): CController->missingAction('ico1.ico')
#1 /home/northeast14/public_html/yii/framework/web/CWebApplication.php(282): CController->run('ico1.ico')
#2 /home/northeast14/public_html/yii/framework/web/CWebApplication.php(141): CWebApplication->runController('OldSite/ico1.ic...')
#3 /home/northeast14/public_html/yii/framework/base/CApplication.php(180): CWebApplication->processRequest()
#4 /home/northeast14/public_html/index.php(13): CApplication->run()
#5 {main}
REQUEST_URI=/ico1.ico
---
2014/12/22 06:11:21 [error] [exception.CHttpException.404] exception 'CHttpException' with message 'The system is unable to find the requested action "aerovista.html".' in /home/northeast14/public_html/yii/framework/web/CController.php:483
Stack trace:
#0 /home/northeast14/public_html/yii/framework/web/CController.php(270): CController->missingAction('aerovista.html')
#1 /home/northeast14/public_html/yii/framework/web/CWebApplication.php(282): CController->run('aerovista.html')
#2 /home/northeast14/public_html/yii/framework/web/CWebApplication.php(141): CWebApplication->runController('OldSite/aerovis...')
#3 /home/northeast14/public_html/yii/framework/base/CApplication.php(180): CWebApplication->processRequest()
#4 /home/northeast14/public_html/index.php(13): CApplication->run()
#5 {main}
REQUEST_URI=/aerovista.html
HTTP_REFERER=http://cms.proptiger.com/show_project_details.php?projectId=641298
---
2014/12/22 06:11:21 [error] [exception.CHttpException.404] exception 'CHttpException' with message 'The system is unable to find the requested action "style.css".' in /home/northeast14/public_html/yii/framework/web/CController.php:483
Stack trace:
#0 /home/northeast14/public_html/yii/framework/web/CController.php(270): CController->missingAction('style.css')
#1 /home/northeast14/public_html/yii/framework/web/CWebApplication.php(282): CController->run('style.css')
#2 /home/northeast14/public_html/yii/framework/web/CWebApplication.php(141): CWebApplication->runController('OldSite/style.c...')
#3 /home/northeast14/public_html/yii/framework/base/CApplication.php(180): CWebApplication->processRequest()
#4 /home/northeast14/public_html/index.php(13): CApplication->run()
#5 {main}
REQUEST_URI=/style.css
HTTP_REFERER=http://www.northeastproperties.in/aerovista.html
---
2014/12/22 06:11:25 [error] [exception.CHttpException.404] exception 'CHttpException' with message 'The system is unable to find the requested action "style.css".' in /home/northeast14/public_html/yii/framework/web/CController.php:483
Stack trace:
#0 /home/northeast14/public_html/yii/framework/web/CController.php(270): CController->missingAction('style.css')
#1 /home/northeast14/public_html/yii/framework/web/CWebApplication.php(282): CController->run('style.css')
#2 /home/northeast14/public_html/yii/framework/web/CWebApplication.php(141): CWebApplication->runController('OldSite/style.c...')
#3 /home/northeast14/public_html/yii/framework/base/CApplication.php(180): CWebApplication->processRequest()
#4 /home/northeast14/public_html/index.php(13): CApplication->run()
#5 {main}
REQUEST_URI=/style.css
HTTP_REFERER=http://www.northeastproperties.in/aerovista.html
---
2014/12/22 06:11:26 [error] [exception.CHttpException.404] exception 'CHttpException' with message 'The system is unable to find the requested action "favicon.ico".' in /home/northeast14/public_html/yii/framework/web/CController.php:483
Stack trace:
#0 /home/northeast14/public_html/yii/framework/web/CController.php(270): CController->missingAction('favicon.ico')
#1 /home/northeast14/public_html/yii/framework/web/CWebApplication.php(282): CController->run('favicon.ico')
#2 /home/northeast14/public_html/yii/framework/web/CWebApplication.php(141): CWebApplication->runController('OldSite/favicon...')
#3 /home/northeast14/public_html/yii/framework/base/CApplication.php(180): CWebApplication->processRequest()
#4 /home/northeast14/public_html/index.php(13): CApplication->run()
#5 {main}
REQUEST_URI=/favicon.ico
---
2014/12/22 06:11:44 [error] [exception.CHttpException.404] exception 'CHttpException' with message 'The system is unable to find the requested action "ico1.ico".' in /home/northeast14/public_html/yii/framework/web/CController.php:483
Stack trace:
#0 /home/northeast14/public_html/yii/framework/web/CController.php(270): CController->missingAction('ico1.ico')
#1 /home/northeast14/public_html/yii/framework/web/CWebApplication.php(282): CController->run('ico1.ico')
#2 /home/northeast14/public_html/yii/framework/web/CWebApplication.php(141): CWebApplication->runController('OldSite/ico1.ic...')
#3 /home/northeast14/public_html/yii/framework/base/CApplication.php(180): CWebApplication->processRequest()
#4 /home/northeast14/public_html/index.php(13): CApplication->run()
#5 {main}
REQUEST_URI=/ico1.ico
---
2014/12/22 06:11:51 [error] [exception.CHttpException.404] exception 'CHttpException' with message 'The system is unable to find the requested action "ico1.ico".' in /home/northeast14/public_html/yii/framework/web/CController.php:483
Stack trace:
#0 /home/northeast14/public_html/yii/framework/web/CController.php(270): CController->missingAction('ico1.ico')
#1 /home/northeast14/public_html/yii/framework/web/CWebApplication.php(282): CController->run('ico1.ico')
#2 /home/northeast14/public_html/yii/framework/web/CWebApplication.php(141): CWebApplication->runController('OldSite/ico1.ic...')
#3 /home/northeast14/public_html/yii/framework/base/CApplication.php(180): CWebApplication->processRequest()
#4 /home/northeast14/public_html/index.php(13): CApplication->run()
#5 {main}
REQUEST_URI=/ico1.ico
---
2014/12/22 06:18:58 [error] [exception.CHttpException.404] exception 'CHttpException' with message 'The system is unable to find the requested action "ico1.ico".' in /home/northeast14/public_html/yii/framework/web/CController.php:483
Stack trace:
#0 /home/northeast14/public_html/yii/framework/web/CController.php(270): CController->missingAction('ico1.ico')
#1 /home/northeast14/public_html/yii/framework/web/CWebApplication.php(282): CController->run('ico1.ico')
#2 /home/northeast14/public_html/yii/framework/web/CWebApplication.php(141): CWebApplication->runController('OldSite/ico1.ic...')
#3 /home/northeast14/public_html/yii/framework/base/CApplication.php(180): CWebApplication->processRequest()
#4 /home/northeast14/public_html/index.php(13): CApplication->run()
#5 {main}
REQUEST_URI=/ico1.ico
---
2014/12/22 06:19:46 [error] [exception.CHttpException.404] exception 'CHttpException' with message 'The system is unable to find the requested action "favicon.ico".' in /home/northeast14/public_html/yii/framework/web/CController.php:483
Stack trace:
#0 /home/northeast14/public_html/yii/framework/web/CController.php(270): CController->missingAction('favicon.ico')
#1 /home/northeast14/public_html/yii/framework/web/CWebApplication.php(282): CController->run('favicon.ico')
#2 /home/northeast14/public_html/yii/framework/web/CWebApplication.php(141): CWebApplication->runController('OldSite/favicon...')
#3 /home/northeast14/public_html/yii/framework/base/CApplication.php(180): CWebApplication->processRequest()
#4 /home/northeast14/public_html/index.php(13): CApplication->run()
#5 {main}
REQUEST_URI=/favicon.ico
---
2014/12/22 06:24:36 [error] [exception.CHttpException.404] exception 'CHttpException' with message 'The system is unable to find the requested action "ico1.ico".' in /home/northeast14/public_html/yii/framework/web/CController.php:483
Stack trace:
#0 /home/northeast14/public_html/yii/framework/web/CController.php(270): CController->missingAction('ico1.ico')
#1 /home/northeast14/public_html/yii/framework/web/CWebApplication.php(282): CController->run('ico1.ico')
#2 /home/northeast14/public_html/yii/framework/web/CWebApplication.php(141): CWebApplication->runController('OldSite/ico1.ic...')
#3 /home/northeast14/public_html/yii/framework/base/CApplication.php(180): CWebApplication->processRequest()
#4 /home/northeast14/public_html/index.php(13): CApplication->run()
#5 {main}
REQUEST_URI=/ico1.ico
---
2014/12/22 06:25:13 [error] [exception.CHttpException.404] exception 'CHttpException' with message 'The system is unable to find the requested action "favicon.ico".' in /home/northeast14/public_html/yii/framework/web/CController.php:483
Stack trace:
#0 /home/northeast14/public_html/yii/framework/web/CController.php(270): CController->missingAction('favicon.ico')
#1 /home/northeast14/public_html/yii/framework/web/CWebApplication.php(282): CController->run('favicon.ico')
#2 /home/northeast14/public_html/yii/framework/web/CWebApplication.php(141): CWebApplication->runController('OldSite/favicon...')
#3 /home/northeast14/public_html/yii/framework/base/CApplication.php(180): CWebApplication->processRequest()
#4 /home/northeast14/public_html/index.php(13): CApplication->run()
#5 {main}
REQUEST_URI=/favicon.ico
---
2014/12/22 06:30:14 [error] [exception.CHttpException.404] exception 'CHttpException' with message 'The system is unable to find the requested action "ico1.ico".' in /home/northeast14/public_html/yii/framework/web/CController.php:483
Stack trace:
#0 /home/northeast14/public_html/yii/framework/web/CController.php(270): CController->missingAction('ico1.ico')
#1 /home/northeast14/public_html/yii/framework/web/CWebApplication.php(282): CController->run('ico1.ico')
#2 /home/northeast14/public_html/yii/framework/web/CWebApplication.php(141): CWebApplication->runController('OldSite/ico1.ic...')
#3 /home/northeast14/public_html/yii/framework/base/CApplication.php(180): CWebApplication->processRequest()
#4 /home/northeast14/public_html/index.php(13): CApplication->run()
#5 {main}
REQUEST_URI=/ico1.ico
---
2014/12/22 06:33:54 [error] [exception.CHttpException.404] exception 'CHttpException' with message 'The system is unable to find the requested action "index.html".' in /home/northeast14/public_html/yii/framework/web/CController.php:483
Stack trace:
#0 /home/northeast14/public_html/yii/framework/web/CController.php(270): CController->missingAction('index.html')
#1 /home/northeast14/public_html/yii/framework/web/CWebApplication.php(282): CController->run('index.html')
#2 /home/northeast14/public_html/yii/framework/web/CWebApplication.php(141): CWebApplication->runController('OldSite/index.h...')
#3 /home/northeast14/public_html/yii/framework/base/CApplication.php(180): CWebApplication->processRequest()
#4 /home/northeast14/public_html/index.php(13): CApplication->run()
#5 {main}
REQUEST_URI=/index.html
---
2014/12/22 06:33:55 [error] [exception.CHttpException.404] exception 'CHttpException' with message 'The system is unable to find the requested action "style.css".' in /home/northeast14/public_html/yii/framework/web/CController.php:483
Stack trace:
#0 /home/northeast14/public_html/yii/framework/web/CController.php(270): CController->missingAction('style.css')
#1 /home/northeast14/public_html/yii/framework/web/CWebApplication.php(282): CController->run('style.css')
#2 /home/northeast14/public_html/yii/framework/web/CWebApplication.php(141): CWebApplication->runController('OldSite/style.c...')
#3 /home/northeast14/public_html/yii/framework/base/CApplication.php(180): CWebApplication->processRequest()
#4 /home/northeast14/public_html/index.php(13): CApplication->run()
#5 {main}
REQUEST_URI=/style.css
HTTP_REFERER=http://www.northeastproperties.in/index.html
---
2014/12/22 06:33:56 [error] [exception.CHttpException.404] exception 'CHttpException' with message 'The system is unable to find the requested action "favicon.ico".' in /home/northeast14/public_html/yii/framework/web/CController.php:483
Stack trace:
#0 /home/northeast14/public_html/yii/framework/web/CController.php(270): CController->missingAction('favicon.ico')
#1 /home/northeast14/public_html/yii/framework/web/CWebApplication.php(282): CController->run('favicon.ico')
#2 /home/northeast14/public_html/yii/framework/web/CWebApplication.php(141): CWebApplication->runController('OldSite/favicon...')
#3 /home/northeast14/public_html/yii/framework/base/CApplication.php(180): CWebApplication->processRequest()
#4 /home/northeast14/public_html/index.php(13): CApplication->run()
#5 {main}
REQUEST_URI=/favicon.ico
---
2014/12/22 06:34:02 [error] [exception.CHttpException.404] exception 'CHttpException' with message 'The system is unable to find the requested action "index.html".' in /home/northeast14/public_html/yii/framework/web/CController.php:483
Stack trace:
#0 /home/northeast14/public_html/yii/framework/web/CController.php(270): CController->missingAction('index.html')
#1 /home/northeast14/public_html/yii/framework/web/CWebApplication.php(282): CController->run('index.html')
#2 /home/northeast14/public_html/yii/framework/web/CWebApplication.php(141): CWebApplication->runController('OldSite/index.h...')
#3 /home/northeast14/public_html/yii/framework/base/CApplication.php(180): CWebApplication->processRequest()
#4 /home/northeast14/public_html/index.php(13): CApplication->run()
#5 {main}
REQUEST_URI=/index.html
---
2014/12/22 06:34:02 [error] [exception.CHttpException.404] exception 'CHttpException' with message 'The system is unable to find the requested action "style.css".' in /home/northeast14/public_html/yii/framework/web/CController.php:483
Stack trace:
#0 /home/northeast14/public_html/yii/framework/web/CController.php(270): CController->missingAction('style.css')
#1 /home/northeast14/public_html/yii/framework/web/CWebApplication.php(282): CController->run('style.css')
#2 /home/northeast14/public_html/yii/framework/web/CWebApplication.php(141): CWebApplication->runController('OldSite/style.c...')
#3 /home/northeast14/public_html/yii/framework/base/CApplication.php(180): CWebApplication->processRequest()
#4 /home/northeast14/public_html/index.php(13): CApplication->run()
#5 {main}
REQUEST_URI=/style.css
HTTP_REFERER=http://www.northeastproperties.in/index.html
---
2014/12/22 06:34:02 [error] [exception.CHttpException.404] exception 'CHttpException' with message 'The system is unable to find the requested action "favicon.ico".' in /home/northeast14/public_html/yii/framework/web/CController.php:483
Stack trace:
#0 /home/northeast14/public_html/yii/framework/web/CController.php(270): CController->missingAction('favicon.ico')
#1 /home/northeast14/public_html/yii/framework/web/CWebApplication.php(282): CController->run('favicon.ico')
#2 /home/northeast14/public_html/yii/framework/web/CWebApplication.php(141): CWebApplication->runController('OldSite/favicon...')
#3 /home/northeast14/public_html/yii/framework/base/CApplication.php(180): CWebApplication->processRequest()
#4 /home/northeast14/public_html/index.php(13): CApplication->run()
#5 {main}
REQUEST_URI=/favicon.ico
---
2014/12/22 06:35:56 [error] [exception.CHttpException.404] exception 'CHttpException' with message 'The system is unable to find the requested action "favicon.ico".' in /home/northeast14/public_html/yii/framework/web/CController.php:483
Stack trace:
#0 /home/northeast14/public_html/yii/framework/web/CController.php(270): CController->missingAction('favicon.ico')
#1 /home/northeast14/public_html/yii/framework/web/CWebApplication.php(282): CController->run('favicon.ico')
#2 /home/northeast14/public_html/yii/framework/web/CWebApplication.php(141): CWebApplication->runController('OldSite/favicon...')
#3 /home/northeast14/public_html/yii/framework/base/CApplication.php(180): CWebApplication->processRequest()
#4 /home/northeast14/public_html/index.php(13): CApplication->run()
#5 {main}
REQUEST_URI=/favicon.ico
---
2014/12/22 06:39:37 [error] [exception.CHttpException.404] exception 'CHttpException' with message 'The system is unable to find the requested action "favicon.ico".' in /home/northeast14/public_html/yii/framework/web/CController.php:483
Stack trace:
#0 /home/northeast14/public_html/yii/framework/web/CController.php(270): CController->missingAction('favicon.ico')
#1 /home/northeast14/public_html/yii/framework/web/CWebApplication.php(282): CController->run('favicon.ico')
#2 /home/northeast14/public_html/yii/framework/web/CWebApplication.php(141): CWebApplication->runController('OldSite/favicon...')
#3 /home/northeast14/public_html/yii/framework/base/CApplication.php(180): CWebApplication->processRequest()
#4 /home/northeast14/public_html/index.php(13): CApplication->run()
#5 {main}
REQUEST_URI=/favicon.ico
---
2014/12/22 06:41:14 [error] [exception.CHttpException.404] exception 'CHttpException' with message 'The system is unable to find the requested action "ico1.ico".' in /home/northeast14/public_html/yii/framework/web/CController.php:483
Stack trace:
#0 /home/northeast14/public_html/yii/framework/web/CController.php(270): CController->missingAction('ico1.ico')
#1 /home/northeast14/public_html/yii/framework/web/CWebApplication.php(282): CController->run('ico1.ico')
#2 /home/northeast14/public_html/yii/framework/web/CWebApplication.php(141): CWebApplication->runController('OldSite/ico1.ic...')
#3 /home/northeast14/public_html/yii/framework/base/CApplication.php(180): CWebApplication->processRequest()
#4 /home/northeast14/public_html/index.php(13): CApplication->run()
#5 {main}
REQUEST_URI=/ico1.ico
---
2014/12/22 06:41:58 [error] [exception.CHttpException.404] exception 'CHttpException' with message 'The system is unable to find the requested action "ico1.ico".' in /home/northeast14/public_html/yii/framework/web/CController.php:483
Stack trace:
#0 /home/northeast14/public_html/yii/framework/web/CController.php(270): CController->missingAction('ico1.ico')
#1 /home/northeast14/public_html/yii/framework/web/CWebApplication.php(282): CController->run('ico1.ico')
#2 /home/northeast14/public_html/yii/framework/web/CWebApplication.php(141): CWebApplication->runController('OldSite/ico1.ic...')
#3 /home/northeast14/public_html/yii/framework/base/CApplication.php(180): CWebApplication->processRequest()
#4 /home/northeast14/public_html/index.php(13): CApplication->run()
#5 {main}
REQUEST_URI=/ico1.ico
---
2014/12/22 06:43:17 [error] [exception.CHttpException.404] exception 'CHttpException' with message 'The system is unable to find the requested action "ico1.ico".' in /home/northeast14/public_html/yii/framework/web/CController.php:483
Stack trace:
#0 /home/northeast14/public_html/yii/framework/web/CController.php(270): CController->missingAction('ico1.ico')
#1 /home/northeast14/public_html/yii/framework/web/CWebApplication.php(282): CController->run('ico1.ico')
#2 /home/northeast14/public_html/yii/framework/web/CWebApplication.php(141): CWebApplication->runController('OldSite/ico1.ic...')
#3 /home/northeast14/public_html/yii/framework/base/CApplication.php(180): CWebApplication->processRequest()
#4 /home/northeast14/public_html/index.php(13): CApplication->run()
#5 {main}
REQUEST_URI=/ico1.ico
---
2014/12/22 06:44:58 [error] [exception.CHttpException.404] exception 'CHttpException' with message 'The system is unable to find the requested action "ico1.ico".' in /home/northeast14/public_html/yii/framework/web/CController.php:483
Stack trace:
#0 /home/northeast14/public_html/yii/framework/web/CController.php(270): CController->missingAction('ico1.ico')
#1 /home/northeast14/public_html/yii/framework/web/CWebApplication.php(282): CController->run('ico1.ico')
#2 /home/northeast14/public_html/yii/framework/web/CWebApplication.php(141): CWebApplication->runController('OldSite/ico1.ic...')
#3 /home/northeast14/public_html/yii/framework/base/CApplication.php(180): CWebApplication->processRequest()
#4 /home/northeast14/public_html/index.php(13): CApplication->run()
#5 {main}
REQUEST_URI=/ico1.ico
---
2014/12/22 06:48:22 [error] [exception.CHttpException.404] exception 'CHttpException' with message 'The system is unable to find the requested action "favicon.ico".' in /home/northeast14/public_html/yii/framework/web/CController.php:483
Stack trace:
#0 /home/northeast14/public_html/yii/framework/web/CController.php(270): CController->missingAction('favicon.ico')
#1 /home/northeast14/public_html/yii/framework/web/CWebApplication.php(282): CController->run('favicon.ico')
#2 /home/northeast14/public_html/yii/framework/web/CWebApplication.php(141): CWebApplication->runController('OldSite/favicon...')
#3 /home/northeast14/public_html/yii/framework/base/CApplication.php(180): CWebApplication->processRequest()
#4 /home/northeast14/public_html/index.php(13): CApplication->run()
#5 {main}
REQUEST_URI=/favicon.ico
---
2014/12/22 06:48:47 [error] [exception.CHttpException.404] exception 'CHttpException' with message 'The system is unable to find the requested action "ico1.ico".' in /home/northeast14/public_html/yii/framework/web/CController.php:483
Stack trace:
#0 /home/northeast14/public_html/yii/framework/web/CController.php(270): CController->missingAction('ico1.ico')
#1 /home/northeast14/public_html/yii/framework/web/CWebApplication.php(282): CController->run('ico1.ico')
#2 /home/northeast14/public_html/yii/framework/web/CWebApplication.php(141): CWebApplication->runController('OldSite/ico1.ic...')
#3 /home/northeast14/public_html/yii/framework/base/CApplication.php(180): CWebApplication->processRequest()
#4 /home/northeast14/public_html/index.php(13): CApplication->run()
#5 {main}
REQUEST_URI=/ico1.ico
---
2014/12/22 06:48:48 [error] [exception.CHttpException.404] exception 'CHttpException' with message 'The system is unable to find the requested action "ico1.ico".' in /home/northeast14/public_html/yii/framework/web/CController.php:483
Stack trace:
#0 /home/northeast14/public_html/yii/framework/web/CController.php(270): CController->missingAction('ico1.ico')
#1 /home/northeast14/public_html/yii/framework/web/CWebApplication.php(282): CController->run('ico1.ico')
#2 /home/northeast14/public_html/yii/framework/web/CWebApplication.php(141): CWebApplication->runController('OldSite/ico1.ic...')
#3 /home/northeast14/public_html/yii/framework/base/CApplication.php(180): CWebApplication->processRequest()
#4 /home/northeast14/public_html/index.php(13): CApplication->run()
#5 {main}
REQUEST_URI=/ico1.ico
---
2014/12/22 06:53:58 [error] [exception.CHttpException.404] exception 'CHttpException' with message 'The system is unable to find the requested action "ongoingprojects.html".' in /home/northeast14/public_html/yii/framework/web/CController.php:483
Stack trace:
#0 /home/northeast14/public_html/yii/framework/web/CController.php(270): CController->missingAction('ongoingprojects...')
#1 /home/northeast14/public_html/yii/framework/web/CWebApplication.php(282): CController->run('ongoingprojects...')
#2 /home/northeast14/public_html/yii/framework/web/CWebApplication.php(141): CWebApplication->runController('OldSite/ongoing...')
#3 /home/northeast14/public_html/yii/framework/base/CApplication.php(180): CWebApplication->processRequest()
#4 /home/northeast14/public_html/index.php(13): CApplication->run()
#5 {main}
REQUEST_URI=/ongoingprojects.html
---
2014/12/22 07:24:52 [error] [exception.CHttpException.404] exception 'CHttpException' with message 'The system is unable to find the requested action "ico1.ico".' in /home/northeast14/public_html/yii/framework/web/CController.php:483
Stack trace:
#0 /home/northeast14/public_html/yii/framework/web/CController.php(270): CController->missingAction('ico1.ico')
#1 /home/northeast14/public_html/yii/framework/web/CWebApplication.php(282): CController->run('ico1.ico')
#2 /home/northeast14/public_html/yii/framework/web/CWebApplication.php(141): CWebApplication->runController('OldSite/ico1.ic...')
#3 /home/northeast14/public_html/yii/framework/base/CApplication.php(180): CWebApplication->processRequest()
#4 /home/northeast14/public_html/index.php(13): CApplication->run()
#5 {main}
REQUEST_URI=/ico1.ico
---
2014/12/22 07:25:22 [error] [exception.CHttpException.404] exception 'CHttpException' with message 'The system is unable to find the requested action "favicon.ico".' in /home/northeast14/public_html/yii/framework/web/CController.php:483
Stack trace:
#0 /home/northeast14/public_html/yii/framework/web/CController.php(270): CController->missingAction('favicon.ico')
#1 /home/northeast14/public_html/yii/framework/web/CWebApplication.php(282): CController->run('favicon.ico')
#2 /home/northeast14/public_html/yii/framework/web/CWebApplication.php(141): CWebApplication->runController('OldSite/favicon...')
#3 /home/northeast14/public_html/yii/framework/base/CApplication.php(180): CWebApplication->processRequest()
#4 /home/northeast14/public_html/index.php(13): CApplication->run()
#5 {main}
REQUEST_URI=/favicon.ico
---
2014/12/22 07:47:55 [error] [exception.CHttpException.404] exception 'CHttpException' with message 'The system is unable to find the requested action "favicon.ico".' in /home/northeast14/public_html/yii/framework/web/CController.php:483
Stack trace:
#0 /home/northeast14/public_html/yii/framework/web/CController.php(270): CController->missingAction('favicon.ico')
#1 /home/northeast14/public_html/yii/framework/web/CWebApplication.php(282): CController->run('favicon.ico')
#2 /home/northeast14/public_html/yii/framework/web/CWebApplication.php(141): CWebApplication->runController('OldSite/favicon...')
#3 /home/northeast14/public_html/yii/framework/base/CApplication.php(180): CWebApplication->processRequest()
#4 /home/northeast14/public_html/index.php(13): CApplication->run()
#5 {main}
REQUEST_URI=/favicon.ico
---
2014/12/22 07:57:42 [error] [exception.CHttpException.404] exception 'CHttpException' with message 'The system is unable to find the requested action "robots.txt".' in /home/northeast14/public_html/yii/framework/web/CController.php:483
Stack trace:
#0 /home/northeast14/public_html/yii/framework/web/CController.php(270): CController->missingAction('robots.txt')
#1 /home/northeast14/public_html/yii/framework/web/CWebApplication.php(282): CController->run('robots.txt')
#2 /home/northeast14/public_html/yii/framework/web/CWebApplication.php(141): CWebApplication->runController('OldSite/robots....')
#3 /home/northeast14/public_html/yii/framework/base/CApplication.php(180): CWebApplication->processRequest()
#4 /home/northeast14/public_html/index.php(13): CApplication->run()
#5 {main}
REQUEST_URI=/robots.txt
---
2014/12/22 08:14:04 [error] [exception.CHttpException.404] exception 'CHttpException' with message 'The system is unable to find the requested action "robots.txt".' in /home/northeast14/public_html/yii/framework/web/CController.php:483
Stack trace:
#0 /home/northeast14/public_html/yii/framework/web/CController.php(270): CController->missingAction('robots.txt')
#1 /home/northeast14/public_html/yii/framework/web/CWebApplication.php(282): CController->run('robots.txt')
#2 /home/northeast14/public_html/yii/framework/web/CWebApplication.php(141): CWebApplication->runController('OldSite/robots....')
#3 /home/northeast14/public_html/yii/framework/base/CApplication.php(180): CWebApplication->processRequest()
#4 /home/northeast14/public_html/index.php(13): CApplication->run()
#5 {main}
REQUEST_URI=/robots.txt
---
2014/12/22 09:07:42 [error] [exception.CHttpException.404] exception 'CHttpException' with message 'The system is unable to find the requested action "ico1.ico".' in /home/northeast14/public_html/yii/framework/web/CController.php:483
Stack trace:
#0 /home/northeast14/public_html/yii/framework/web/CController.php(270): CController->missingAction('ico1.ico')
#1 /home/northeast14/public_html/yii/framework/web/CWebApplication.php(282): CController->run('ico1.ico')
#2 /home/northeast14/public_html/yii/framework/web/CWebApplication.php(141): CWebApplication->runController('OldSite/ico1.ic...')
#3 /home/northeast14/public_html/yii/framework/base/CApplication.php(180): CWebApplication->processRequest()
#4 /home/northeast14/public_html/index.php(13): CApplication->run()
#5 {main}
REQUEST_URI=/ico1.ico
---
2014/12/22 09:08:29 [error] [exception.CHttpException.404] exception 'CHttpException' with message 'The system is unable to find the requested action "favicon.ico".' in /home/northeast14/public_html/yii/framework/web/CController.php:483
Stack trace:
#0 /home/northeast14/public_html/yii/framework/web/CController.php(270): CController->missingAction('favicon.ico')
#1 /home/northeast14/public_html/yii/framework/web/CWebApplication.php(282): CController->run('favicon.ico')
#2 /home/northeast14/public_html/yii/framework/web/CWebApplication.php(141): CWebApplication->runController('OldSite/favicon...')
#3 /home/northeast14/public_html/yii/framework/base/CApplication.php(180): CWebApplication->processRequest()
#4 /home/northeast14/public_html/index.php(13): CApplication->run()
#5 {main}
REQUEST_URI=/favicon.ico
---
2014/12/22 09:08:29 [error] [exception.CHttpException.404] exception 'CHttpException' with message 'The system is unable to find the requested action "favicon.ico".' in /home/northeast14/public_html/yii/framework/web/CController.php:483
Stack trace:
#0 /home/northeast14/public_html/yii/framework/web/CController.php(270): CController->missingAction('favicon.ico')
#1 /home/northeast14/public_html/yii/framework/web/CWebApplication.php(282): CController->run('favicon.ico')
#2 /home/northeast14/public_html/yii/framework/web/CWebApplication.php(141): CWebApplication->runController('OldSite/favicon...')
#3 /home/northeast14/public_html/yii/framework/base/CApplication.php(180): CWebApplication->processRequest()
#4 /home/northeast14/public_html/index.php(13): CApplication->run()
#5 {main}
REQUEST_URI=/favicon.ico
---
2014/12/22 09:13:14 [error] [exception.CHttpException.404] exception 'CHttpException' with message 'The system is unable to find the requested action "robots.txt".' in /home/northeast14/public_html/yii/framework/web/CController.php:483
Stack trace:
#0 /home/northeast14/public_html/yii/framework/web/CController.php(270): CController->missingAction('robots.txt')
#1 /home/northeast14/public_html/yii/framework/web/CWebApplication.php(282): CController->run('robots.txt')
#2 /home/northeast14/public_html/yii/framework/web/CWebApplication.php(141): CWebApplication->runController('OldSite/robots....')
#3 /home/northeast14/public_html/yii/framework/base/CApplication.php(180): CWebApplication->processRequest()
#4 /home/northeast14/public_html/index.php(13): CApplication->run()
#5 {main}
REQUEST_URI=/robots.txt
---
2014/12/22 09:18:21 [error] [exception.CHttpException.404] exception 'CHttpException' with message 'The system is unable to find the requested action "robots.txt".' in /home/northeast14/public_html/yii/framework/web/CController.php:483
Stack trace:
#0 /home/northeast14/public_html/yii/framework/web/CController.php(270): CController->missingAction('robots.txt')
#1 /home/northeast14/public_html/yii/framework/web/CWebApplication.php(282): CController->run('robots.txt')
#2 /home/northeast14/public_html/yii/framework/web/CWebApplication.php(141): CWebApplication->runController('OldSite/robots....')
#3 /home/northeast14/public_html/yii/framework/base/CApplication.php(180): CWebApplication->processRequest()
#4 /home/northeast14/public_html/index.php(13): CApplication->run()
#5 {main}
REQUEST_URI=/robots.txt
---
2014/12/22 09:20:20 [error] [exception.CHttpException.404] exception 'CHttpException' with message 'The system is unable to find the requested action "favicon.ico".' in /home/northeast14/public_html/yii/framework/web/CController.php:483
Stack trace:
#0 /home/northeast14/public_html/yii/framework/web/CController.php(270): CController->missingAction('favicon.ico')
#1 /home/northeast14/public_html/yii/framework/web/CWebApplication.php(282): CController->run('favicon.ico')
#2 /home/northeast14/public_html/yii/framework/web/CWebApplication.php(141): CWebApplication->runController('OldSite/favicon...')
#3 /home/northeast14/public_html/yii/framework/base/CApplication.php(180): CWebApplication->processRequest()
#4 /home/northeast14/public_html/index.php(13): CApplication->run()
#5 {main}
REQUEST_URI=/favicon.ico
---
2014/12/22 09:20:47 [error] [exception.CHttpException.404] exception 'CHttpException' with message 'The system is unable to find the requested action "ico1.ico".' in /home/northeast14/public_html/yii/framework/web/CController.php:483
Stack trace:
#0 /home/northeast14/public_html/yii/framework/web/CController.php(270): CController->missingAction('ico1.ico')
#1 /home/northeast14/public_html/yii/framework/web/CWebApplication.php(282): CController->run('ico1.ico')
#2 /home/northeast14/public_html/yii/framework/web/CWebApplication.php(141): CWebApplication->runController('OldSite/ico1.ic...')
#3 /home/northeast14/public_html/yii/framework/base/CApplication.php(180): CWebApplication->processRequest()
#4 /home/northeast14/public_html/index.php(13): CApplication->run()
#5 {main}
REQUEST_URI=/ico1.ico
---
2014/12/22 09:23:49 [error] [exception.CHttpException.404] exception 'CHttpException' with message 'The system is unable to find the requested action "ico1.ico".' in /home/northeast14/public_html/yii/framework/web/CController.php:483
Stack trace:
#0 /home/northeast14/public_html/yii/framework/web/CController.php(270): CController->missingAction('ico1.ico')
#1 /home/northeast14/public_html/yii/framework/web/CWebApplication.php(282): CController->run('ico1.ico')
#2 /home/northeast14/public_html/yii/framework/web/CWebApplication.php(141): CWebApplication->runController('OldSite/ico1.ic...')
#3 /home/northeast14/public_html/yii/framework/base/CApplication.php(180): CWebApplication->processRequest()
#4 /home/northeast14/public_html/index.php(13): CApplication->run()
#5 {main}
REQUEST_URI=/ico1.ico
---
2014/12/22 09:23:49 [error] [exception.CHttpException.404] exception 'CHttpException' with message 'The system is unable to find the requested action "ico1.ico".' in /home/northeast14/public_html/yii/framework/web/CController.php:483
Stack trace:
#0 /home/northeast14/public_html/yii/framework/web/CController.php(270): CController->missingAction('ico1.ico')
#1 /home/northeast14/public_html/yii/framework/web/CWebApplication.php(282): CController->run('ico1.ico')
#2 /home/northeast14/public_html/yii/framework/web/CWebApplication.php(141): CWebApplication->runController('OldSite/ico1.ic...')
#3 /home/northeast14/public_html/yii/framework/base/CApplication.php(180): CWebApplication->processRequest()
#4 /home/northeast14/public_html/index.php(13): CApplication->run()
#5 {main}
REQUEST_URI=/ico1.ico
---
2014/12/22 09:42:38 [error] [exception.CHttpException.404] exception 'CHttpException' with message 'The system is unable to find the requested action "favicon.ico".' in /home/northeast14/public_html/yii/framework/web/CController.php:483
Stack trace:
#0 /home/northeast14/public_html/yii/framework/web/CController.php(270): CController->missingAction('favicon.ico')
#1 /home/northeast14/public_html/yii/framework/web/CWebApplication.php(282): CController->run('favicon.ico')
#2 /home/northeast14/public_html/yii/framework/web/CWebApplication.php(141): CWebApplication->runController('OldSite/favicon...')
#3 /home/northeast14/public_html/yii/framework/base/CApplication.php(180): CWebApplication->processRequest()
#4 /home/northeast14/public_html/index.php(13): CApplication->run()
#5 {main}
REQUEST_URI=/favicon.ico
---
2014/12/22 09:52:48 [error] [exception.CHttpException.404] exception 'CHttpException' with message 'The system is unable to find the requested action "ico1.ico".' in /home/northeast14/public_html/yii/framework/web/CController.php:483
Stack trace:
#0 /home/northeast14/public_html/yii/framework/web/CController.php(270): CController->missingAction('ico1.ico')
#1 /home/northeast14/public_html/yii/framework/web/CWebApplication.php(282): CController->run('ico1.ico')
#2 /home/northeast14/public_html/yii/framework/web/CWebApplication.php(141): CWebApplication->runController('OldSite/ico1.ic...')
#3 /home/northeast14/public_html/yii/framework/base/CApplication.php(180): CWebApplication->processRequest()
#4 /home/northeast14/public_html/index.php(13): CApplication->run()
#5 {main}
REQUEST_URI=/ico1.ico
---
2014/12/22 09:52:49 [error] [exception.CHttpException.404] exception 'CHttpException' with message 'The system is unable to find the requested action "ico1.ico".' in /home/northeast14/public_html/yii/framework/web/CController.php:483
Stack trace:
#0 /home/northeast14/public_html/yii/framework/web/CController.php(270): CController->missingAction('ico1.ico')
#1 /home/northeast14/public_html/yii/framework/web/CWebApplication.php(282): CController->run('ico1.ico')
#2 /home/northeast14/public_html/yii/framework/web/CWebApplication.php(141): CWebApplication->runController('OldSite/ico1.ic...')
#3 /home/northeast14/public_html/yii/framework/base/CApplication.php(180): CWebApplication->processRequest()
#4 /home/northeast14/public_html/index.php(13): CApplication->run()
#5 {main}
REQUEST_URI=/ico1.ico
---
2014/12/22 10:09:15 [error] [exception.CHttpException.404] exception 'CHttpException' with message 'The system is unable to find the requested action "ico1.ico".' in /home/northeast14/public_html/yii/framework/web/CController.php:483
Stack trace:
#0 /home/northeast14/public_html/yii/framework/web/CController.php(270): CController->missingAction('ico1.ico')
#1 /home/northeast14/public_html/yii/framework/web/CWebApplication.php(282): CController->run('ico1.ico')
#2 /home/northeast14/public_html/yii/framework/web/CWebApplication.php(141): CWebApplication->runController('OldSite/ico1.ic...')
#3 /home/northeast14/public_html/yii/framework/base/CApplication.php(180): CWebApplication->processRequest()
#4 /home/northeast14/public_html/index.php(13): CApplication->run()
#5 {main}
REQUEST_URI=/ico1.ico
---
2014/12/22 10:09:16 [error] [exception.CHttpException.404] exception 'CHttpException' with message 'The system is unable to find the requested action "ico1.ico".' in /home/northeast14/public_html/yii/framework/web/CController.php:483
Stack trace:
#0 /home/northeast14/public_html/yii/framework/web/CController.php(270): CController->missingAction('ico1.ico')
#1 /home/northeast14/public_html/yii/framework/web/CWebApplication.php(282): CController->run('ico1.ico')
#2 /home/northeast14/public_html/yii/framework/web/CWebApplication.php(141): CWebApplication->runController('OldSite/ico1.ic...')
#3 /home/northeast14/public_html/yii/framework/base/CApplication.php(180): CWebApplication->processRequest()
#4 /home/northeast14/public_html/index.php(13): CApplication->run()
#5 {main}
REQUEST_URI=/ico1.ico
---
2014/12/22 10:09:16 [error] [exception.CHttpException.404] exception 'CHttpException' with message 'The system is unable to find the requested action "ico1.ico".' in /home/northeast14/public_html/yii/framework/web/CController.php:483
Stack trace:
#0 /home/northeast14/public_html/yii/framework/web/CController.php(270): CController->missingAction('ico1.ico')
#1 /home/northeast14/public_html/yii/framework/web/CWebApplication.php(282): CController->run('ico1.ico')
#2 /home/northeast14/public_html/yii/framework/web/CWebApplication.php(141): CWebApplication->runController('OldSite/ico1.ic...')
#3 /home/northeast14/public_html/yii/framework/base/CApplication.php(180): CWebApplication->processRequest()
#4 /home/northeast14/public_html/index.php(13): CApplication->run()
#5 {main}
REQUEST_URI=/ico1.ico
---
2014/12/22 10:09:17 [error] [exception.CHttpException.404] exception 'CHttpException' with message 'The system is unable to find the requested action "ico1.ico".' in /home/northeast14/public_html/yii/framework/web/CController.php:483
Stack trace:
#0 /home/northeast14/public_html/yii/framework/web/CController.php(270): CController->missingAction('ico1.ico')
#1 /home/northeast14/public_html/yii/framework/web/CWebApplication.php(282): CController->run('ico1.ico')
#2 /home/northeast14/public_html/yii/framework/web/CWebApplication.php(141): CWebApplication->runController('OldSite/ico1.ic...')
#3 /home/northeast14/public_html/yii/framework/base/CApplication.php(180): CWebApplication->processRequest()
#4 /home/northeast14/public_html/index.php(13): CApplication->run()
#5 {main}
REQUEST_URI=/ico1.ico
---
2014/12/22 10:49:05 [error] [exception.CHttpException.404] exception 'CHttpException' with message 'The system is unable to find the requested action "robots.txt".' in /home/northeast14/public_html/yii/framework/web/CController.php:483
Stack trace:
#0 /home/northeast14/public_html/yii/framework/web/CController.php(270): CController->missingAction('robots.txt')
#1 /home/northeast14/public_html/yii/framework/web/CWebApplication.php(282): CController->run('robots.txt')
#2 /home/northeast14/public_html/yii/framework/web/CWebApplication.php(141): CWebApplication->runController('OldSite/robots....')
#3 /home/northeast14/public_html/yii/framework/base/CApplication.php(180): CWebApplication->processRequest()
#4 /home/northeast14/public_html/index.php(13): CApplication->run()
#5 {main}
REQUEST_URI=/robots.txt
---
2014/12/22 12:27:04 [error] [exception.CHttpException.404] exception 'CHttpException' with message 'The system is unable to find the requested action "ico1.ico".' in /home/northeast14/public_html/yii/framework/web/CController.php:483
Stack trace:
#0 /home/northeast14/public_html/yii/framework/web/CController.php(270): CController->missingAction('ico1.ico')
#1 /home/northeast14/public_html/yii/framework/web/CWebApplication.php(282): CController->run('ico1.ico')
#2 /home/northeast14/public_html/yii/framework/web/CWebApplication.php(141): CWebApplication->runController('OldSite/ico1.ic...')
#3 /home/northeast14/public_html/yii/framework/base/CApplication.php(180): CWebApplication->processRequest()
#4 /home/northeast14/public_html/index.php(13): CApplication->run()
#5 {main}
REQUEST_URI=/ico1.ico
---
2014/12/22 12:48:06 [error] [exception.CHttpException.404] exception 'CHttpException' with message 'The system is unable to find the requested action "robots.txt".' in /home/northeast14/public_html/yii/framework/web/CController.php:483
Stack trace:
#0 /home/northeast14/public_html/yii/framework/web/CController.php(270): CController->missingAction('robots.txt')
#1 /home/northeast14/public_html/yii/framework/web/CWebApplication.php(282): CController->run('robots.txt')
#2 /home/northeast14/public_html/yii/framework/web/CWebApplication.php(141): CWebApplication->runController('OldSite/robots....')
#3 /home/northeast14/public_html/yii/framework/base/CApplication.php(180): CWebApplication->processRequest()
#4 /home/northeast14/public_html/index.php(13): CApplication->run()
#5 {main}
REQUEST_URI=/robots.txt
---
2014/12/22 12:48:06 [error] [exception.CHttpException.404] exception 'CHttpException' with message 'The system is unable to find the requested action "robots.txt".' in /home/northeast14/public_html/yii/framework/web/CController.php:483
Stack trace:
#0 /home/northeast14/public_html/yii/framework/web/CController.php(270): CController->missingAction('robots.txt')
#1 /home/northeast14/public_html/yii/framework/web/CWebApplication.php(282): CController->run('robots.txt')
#2 /home/northeast14/public_html/yii/framework/web/CWebApplication.php(141): CWebApplication->runController('OldSite/robots....')
#3 /home/northeast14/public_html/yii/framework/base/CApplication.php(180): CWebApplication->processRequest()
#4 /home/northeast14/public_html/index.php(13): CApplication->run()
#5 {main}
REQUEST_URI=/robots.txt
---
2014/12/22 13:12:38 [error] [exception.CHttpException.404] exception 'CHttpException' with message 'The system is unable to find the requested action "ico1.ico".' in /home/northeast14/public_html/yii/framework/web/CController.php:483
Stack trace:
#0 /home/northeast14/public_html/yii/framework/web/CController.php(270): CController->missingAction('ico1.ico')
#1 /home/northeast14/public_html/yii/framework/web/CWebApplication.php(282): CController->run('ico1.ico')
#2 /home/northeast14/public_html/yii/framework/web/CWebApplication.php(141): CWebApplication->runController('OldSite/ico1.ic...')
#3 /home/northeast14/public_html/yii/framework/base/CApplication.php(180): CWebApplication->processRequest()
#4 /home/northeast14/public_html/index.php(13): CApplication->run()
#5 {main}
REQUEST_URI=/ico1.ico
---
2014/12/22 13:19:43 [error] [exception.CHttpException.404] exception 'CHttpException' with message 'The system is unable to find the requested action "ico1.ico".' in /home/northeast14/public_html/yii/framework/web/CController.php:483
Stack trace:
#0 /home/northeast14/public_html/yii/framework/web/CController.php(270): CController->missingAction('ico1.ico')
#1 /home/northeast14/public_html/yii/framework/web/CWebApplication.php(282): CController->run('ico1.ico')
#2 /home/northeast14/public_html/yii/framework/web/CWebApplication.php(141): CWebApplication->runController('OldSite/ico1.ic...')
#3 /home/northeast14/public_html/yii/framework/base/CApplication.php(180): CWebApplication->processRequest()
#4 /home/northeast14/public_html/index.php(13): CApplication->run()
#5 {main}
REQUEST_URI=/ico1.ico
---
2014/12/22 13:38:48 [error] [exception.CHttpException.404] exception 'CHttpException' with message 'The system is unable to find the requested action "ico1.ico".' in /home/northeast14/public_html/yii/framework/web/CController.php:483
Stack trace:
#0 /home/northeast14/public_html/yii/framework/web/CController.php(270): CController->missingAction('ico1.ico')
#1 /home/northeast14/public_html/yii/framework/web/CWebApplication.php(282): CController->run('ico1.ico')
#2 /home/northeast14/public_html/yii/framework/web/CWebApplication.php(141): CWebApplication->runController('OldSite/ico1.ic...')
#3 /home/northeast14/public_html/yii/framework/base/CApplication.php(180): CWebApplication->processRequest()
#4 /home/northeast14/public_html/index.php(13): CApplication->run()
#5 {main}
REQUEST_URI=/ico1.ico
---
2014/12/22 13:56:40 [error] [exception.CHttpException.404] exception 'CHttpException' with message 'The system is unable to find the requested action "enquiry.html".' in /home/northeast14/public_html/yii/framework/web/CController.php:483
Stack trace:
#0 /home/northeast14/public_html/yii/framework/web/CController.php(270): CController->missingAction('enquiry.html')
#1 /home/northeast14/public_html/yii/framework/web/CWebApplication.php(282): CController->run('enquiry.html')
#2 /home/northeast14/public_html/yii/framework/web/CWebApplication.php(141): CWebApplication->runController('OldSite/enquiry...')
#3 /home/northeast14/public_html/yii/framework/base/CApplication.php(180): CWebApplication->processRequest()
#4 /home/northeast14/public_html/index.php(13): CApplication->run()
#5 {main}
REQUEST_URI=/enquiry.html
---
